<?xml version="1.0" encoding="UTF-8"?>
<!-- Generated by org.testng.reporters.JUnitXMLReporter -->
<testsuite hostname="DESKTOP-8QBRFRF" failures="0" tests="6" name="Surefire test" time="0.016" errors="0" timestamp="23 Sep 2020 04:02:38 GMT">
  <testcase classname="qaclickacademy.Maven_Java.AppiumTest" name="IOSapps" time="0.005"/>
  <testcase classname="qaclickacademy.Maven_Java.AppiumTest" name="nativeandroidapp" time="0.0"/>
  <testcase classname="qaclickacademy.Maven_Java.RestApiTest" name="deletetwitter" time="0.001"/>
  <testcase classname="qaclickacademy.Maven_Java.RestApiTest" name="postJira" time="0.0"/>
  <testcase classname="qaclickacademy.Maven_Java.SeleniumTest" name="BrowserAutomation" time="0.001"/>
  <testcase classname="qaclickacademy.Maven_Java.SeleniumTest" name="elementsUI" time="0.0"/>
</testsuite> <!-- Surefire test -->
